<?xml version="1.0" encoding="UTF-8" ?>
<!DOCTYPE mapper PUBLIC "-//mybatis.org//DTD Mapper 3.0//EN"
        "http://mybatis.org/dtd/mybatis-3-mapper.dtd">
<mapper namespace="kr.co.osj4532.repo.mybatis.TestMapper2">
    <select id="selectTest" resultType="GetTestOut">
        select a.id
             , a.name
          from query_study.test a
    </select>
</mapper>